Requirement already satisfied: jsonlines in /usr/local/lib/python3.8/dist-packages (3.1.0)
Requirement already satisfied: attrs>=19.2.0 in /usr/local/lib/python3.8/dist-packages (from jsonlines) (23.1.0)
WARNING: Running pip as the 'root' user can result in broken permissions and conflicting behaviour with the system package manager. It is recommended to use a virtual environment instead: https://pip.pypa.io/warnings/venv

[notice] A new release of pip is available: 23.3.1 -> 25.0.1
[notice] To update, run: python3 -m pip install --upgrade pip
/usr/local/lib/python3.8/dist-packages/torch/distributed/launch.py:181: FutureWarning: The module torch.distributed.launch is deprecated
and will be removed in future. Use torchrun.
Note that --use-env is set by default in torchrun.
If your script expects `--local-rank` argument to be set, please
change it to read from `os.environ['LOCAL_RANK']` instead. See 
https://pytorch.org/docs/stable/distributed.html#launch-utility for 
further instructions

  warnings.warn(
[2025-02-18 13:10:39,366] torch.distributed.run: [WARNING] 
[2025-02-18 13:10:39,366] torch.distributed.run: [WARNING] *****************************************
[2025-02-18 13:10:39,366] torch.distributed.run: [WARNING] Setting OMP_NUM_THREADS environment variable for each process to be 1 in default, to avoid your system being overloaded, please further tune the variable for optimal performance in your application as needed. 
[2025-02-18 13:10:39,366] torch.distributed.run: [WARNING] *****************************************
/usr/local/lib/python3.8/dist-packages/transformers/deepspeed.py:23: FutureWarning: transformers.deepspeed module is deprecated and will be removed in a future version. Please import deepspeed modules directly from transformers.integrations
  warnings.warn(
/usr/local/lib/python3.8/dist-packages/transformers/deepspeed.py:23: FutureWarning: transformers.deepspeed module is deprecated and will be removed in a future version. Please import deepspeed modules directly from transformers.integrations
  warnings.warn(
/usr/local/lib/python3.8/dist-packages/transformers/deepspeed.py:23: FutureWarning: transformers.deepspeed module is deprecated and will be removed in a future version. Please import deepspeed modules directly from transformers.integrations
  warnings.warn(
/usr/local/lib/python3.8/dist-packages/transformers/deepspeed.py:23: FutureWarning: transformers.deepspeed module is deprecated and will be removed in a future version. Please import deepspeed modules directly from transformers.integrations
  warnings.warn(
[2025-02-18 13:10:42,177] [INFO] [real_accelerator.py:158:get_accelerator] Setting ds_accelerator to cuda (auto detect)
[2025-02-18 13:10:42,181] [INFO] [real_accelerator.py:158:get_accelerator] Setting ds_accelerator to cuda (auto detect)
[2025-02-18 13:10:42,192] [INFO] [real_accelerator.py:158:get_accelerator] Setting ds_accelerator to cuda (auto detect)
[2025-02-18 13:10:42,193] [INFO] [real_accelerator.py:158:get_accelerator] Setting ds_accelerator to cuda (auto detect)
2025-02-18 13:10:42.760519: I tensorflow/core/util/port.cc:110] oneDNN custom operations are on. You may see slightly different numerical results due to floating-point round-off errors from different computation orders. To turn them off, set the environment variable `TF_ENABLE_ONEDNN_OPTS=0`.
2025-02-18 13:10:42.804134: I tensorflow/core/platform/cpu_feature_guard.cc:182] This TensorFlow binary is optimized to use available CPU instructions in performance-critical operations.
To enable the following instructions: AVX2 AVX512F AVX512_VNNI FMA, in other operations, rebuild TensorFlow with the appropriate compiler flags.
2025-02-18 13:10:42.969178: I tensorflow/core/util/port.cc:110] oneDNN custom operations are on. You may see slightly different numerical results due to floating-point round-off errors from different computation orders. To turn them off, set the environment variable `TF_ENABLE_ONEDNN_OPTS=0`.
2025-02-18 13:10:42.969192: I tensorflow/core/util/port.cc:110] oneDNN custom operations are on. You may see slightly different numerical results due to floating-point round-off errors from different computation orders. To turn them off, set the environment variable `TF_ENABLE_ONEDNN_OPTS=0`.
2025-02-18 13:10:42.971226: I tensorflow/core/util/port.cc:110] oneDNN custom operations are on. You may see slightly different numerical results due to floating-point round-off errors from different computation orders. To turn them off, set the environment variable `TF_ENABLE_ONEDNN_OPTS=0`.
2025-02-18 13:10:43.010795: I tensorflow/core/platform/cpu_feature_guard.cc:182] This TensorFlow binary is optimized to use available CPU instructions in performance-critical operations.
To enable the following instructions: AVX2 AVX512F AVX512_VNNI FMA, in other operations, rebuild TensorFlow with the appropriate compiler flags.
2025-02-18 13:10:43.010801: I tensorflow/core/platform/cpu_feature_guard.cc:182] This TensorFlow binary is optimized to use available CPU instructions in performance-critical operations.
To enable the following instructions: AVX2 AVX512F AVX512_VNNI FMA, in other operations, rebuild TensorFlow with the appropriate compiler flags.
2025-02-18 13:10:43.012772: I tensorflow/core/platform/cpu_feature_guard.cc:182] This TensorFlow binary is optimized to use available CPU instructions in performance-critical operations.
To enable the following instructions: AVX2 AVX512F AVX512_VNNI FMA, in other operations, rebuild TensorFlow with the appropriate compiler flags.
----------------- Options ---------------
                 aoss_dir: None                          
               batch_size: 6                             
            compute_stats: True                          
              config_path: /mnt/code/users/wangwenbin/waiting/configs/waiting_llama_bs6.yaml
                  dataset: {'dataset_name': 'waitingdataset', 'params': {'path': '/mnt/code/nlp/Evaluation/data/mmlu/data'}}
                   device: cuda:0                        
       distributed_method: torch_run                     
                   engine: {'engine_name': 'waitingengine'}
               local_rank: 0                             
              max_seq_len: 2048                          
                   models: {'model_name': 'llama', 'params': {'is_llama': True}}
                   n_shot: [-1]                          
                      out: /mnt/code/users/wangwenbin/waiting/results
                     path: /mnt/data/huggingface/models/llama-convert-7b
                     rank: 0                             
                     seed: 42                            
                 time_out: 0                             
          use_distributed: True                          
               world_size: 4                             
----------------- End -------------------
You are using the default legacy behaviour of the <class 'transformers.models.llama.tokenization_llama.LlamaTokenizer'>. This is expected, and simply means that the `legacy` (previous) behavior will be used so nothing changes for you. If you want to use the new behaviour, set `legacy=False`. This should only be set if you understand what it means, and thouroughly read the reason why this was added as explained in https://github.com/huggingface/transformers/pull/24565
[2025-02-18 13:10:44,881] [INFO] [comm.py:631:init_distributed] cdb=None
You are using the default legacy behaviour of the <class 'transformers.models.llama.tokenization_llama.LlamaTokenizer'>. This is expected, and simply means that the `legacy` (previous) behavior will be used so nothing changes for you. If you want to use the new behaviour, set `legacy=False`. This should only be set if you understand what it means, and thouroughly read the reason why this was added as explained in https://github.com/huggingface/transformers/pull/24565
You are using the default legacy behaviour of the <class 'transformers.models.llama.tokenization_llama.LlamaTokenizer'>. This is expected, and simply means that the `legacy` (previous) behavior will be used so nothing changes for you. If you want to use the new behaviour, set `legacy=False`. This should only be set if you understand what it means, and thouroughly read the reason why this was added as explained in https://github.com/huggingface/transformers/pull/24565
You are using the default legacy behaviour of the <class 'transformers.models.llama.tokenization_llama.LlamaTokenizer'>. This is expected, and simply means that the `legacy` (previous) behavior will be used so nothing changes for you. If you want to use the new behaviour, set `legacy=False`. This should only be set if you understand what it means, and thouroughly read the reason why this was added as explained in https://github.com/huggingface/transformers/pull/24565
[2025-02-18 13:10:45,201] [INFO] [comm.py:631:init_distributed] cdb=None
[2025-02-18 13:10:45,210] [INFO] [comm.py:631:init_distributed] cdb=None
[2025-02-18 13:10:45,233] [INFO] [comm.py:631:init_distributed] cdb=None
[2025-02-18 13:10:49,161] [INFO] [partition_parameters.py:332:__exit__] finished initializing model - num_params = 291, num_elems = 6.74B
Loading checkpoint shards:   0%|          | 0/2 [00:00<?, ?it/s]Loading checkpoint shards:   0%|          | 0/2 [00:00<?, ?it/s]Loading checkpoint shards:   0%|          | 0/2 [00:00<?, ?it/s]Loading checkpoint shards:   0%|          | 0/2 [00:00<?, ?it/s]Loading checkpoint shards:  50%|█████     | 1/2 [00:38<00:38, 38.39s/it]Loading checkpoint shards:  50%|█████     | 1/2 [00:38<00:38, 38.40s/it]Loading checkpoint shards:  50%|█████     | 1/2 [00:38<00:38, 38.42s/it]Loading checkpoint shards:  50%|█████     | 1/2 [00:38<00:38, 38.60s/it]Loading checkpoint shards: 100%|██████████| 2/2 [00:50<00:00, 23.19s/it]Loading checkpoint shards: 100%|██████████| 2/2 [00:50<00:00, 25.47s/it]
Loading checkpoint shards: 100%|██████████| 2/2 [00:51<00:00, 23.23s/it]Loading checkpoint shards: 100%|██████████| 2/2 [00:51<00:00, 25.50s/it]
Loading checkpoint shards: 100%|██████████| 2/2 [00:51<00:00, 23.24s/it]Loading checkpoint shards: 100%|██████████| 2/2 [00:51<00:00, 25.51s/it]
Loading checkpoint shards: 100%|██████████| 2/2 [00:51<00:00, 23.21s/it]Loading checkpoint shards: 100%|██████████| 2/2 [00:51<00:00, 25.52s/it]
DEBUG: embedding before 32000 embedding after 32001
DEBUG: embedding before 32000 embedding after 32001
DEBUG: embedding before 32000 embedding after 32001
DEBUG: embedding before 32000 embedding after 32001
[2025-02-18 13:11:40,398] [INFO] [logging.py:96:log_dist] [Rank 0] DeepSpeed info: version=0.10.1, git-hash=unknown, git-branch=unknown
[2025-02-18 13:11:40,420] [INFO] [logging.py:96:log_dist] [Rank 0] DeepSpeed Flops Profiler Enabled: False
[2025-02-18 13:11:40,422] [INFO] [logging.py:96:log_dist] [Rank 0] Creating ZeRO Offload
[2025-02-18 13:11:40,587] [INFO] [utils.py:803:see_memory_usage] DeepSpeedZeRoOffload initialize [begin]
[2025-02-18 13:11:40,588] [INFO] [utils.py:804:see_memory_usage] MA 0.52 GB         Max_MA 1.04 GB         CA 1.29 GB         Max_CA 1 GB 
[2025-02-18 13:11:40,588] [INFO] [utils.py:811:see_memory_usage] CPU Virtual Memory:  used = 55.97 GB, percent = 5.6%
Parameter Offload: Total persistent parameters: 266240 in 65 params
[2025-02-18 13:11:40,808] [INFO] [utils.py:803:see_memory_usage] DeepSpeedZeRoOffload initialize [end]
[2025-02-18 13:11:40,809] [INFO] [utils.py:804:see_memory_usage] MA 0.03 GB         Max_MA 0.52 GB         CA 1.29 GB         Max_CA 1 GB 
[2025-02-18 13:11:40,809] [INFO] [utils.py:811:see_memory_usage] CPU Virtual Memory:  used = 56.3 GB, percent = 5.6%
[2025-02-18 13:11:40,810] [INFO] [config.py:960:print] DeepSpeedEngine configuration:
[2025-02-18 13:11:40,810] [INFO] [config.py:964:print]   activation_checkpointing_config  {
    "partition_activations": false, 
    "contiguous_memory_optimization": false, 
    "cpu_checkpointing": false, 
    "number_checkpoints": null, 
    "synchronize_checkpoint_boundary": false, 
    "profile": false
}
[2025-02-18 13:11:40,810] [INFO] [config.py:964:print]   aio_config ................... {'block_size': 1048576, 'queue_depth': 8, 'thread_count': 1, 'single_submit': False, 'overlap_events': True}
[2025-02-18 13:11:40,810] [INFO] [config.py:964:print]   amp_enabled .................. False
[2025-02-18 13:11:40,810] [INFO] [config.py:964:print]   amp_params ................... False
[2025-02-18 13:11:40,810] [INFO] [config.py:964:print]   autotuning_config ............ {
    "enabled": false, 
    "start_step": null, 
    "end_step": null, 
    "metric_path": null, 
    "arg_mappings": null, 
    "metric": "throughput", 
    "model_info": null, 
    "results_dir": "autotuning_results", 
    "exps_dir": "autotuning_exps", 
    "overwrite": true, 
    "fast": true, 
    "start_profile_step": 3, 
    "end_profile_step": 5, 
    "tuner_type": "gridsearch", 
    "tuner_early_stopping": 5, 
    "tuner_num_trials": 50, 
    "model_info_path": null, 
    "mp_size": 1, 
    "max_train_batch_size": null, 
    "min_train_batch_size": 1, 
    "max_train_micro_batch_size_per_gpu": 1.024000e+03, 
    "min_train_micro_batch_size_per_gpu": 1, 
    "num_tuning_micro_batch_sizes": 3
}
[2025-02-18 13:11:40,810] [INFO] [config.py:964:print]   bfloat16_enabled ............. False
[2025-02-18 13:11:40,811] [INFO] [config.py:964:print]   checkpoint_parallel_write_pipeline  False
[2025-02-18 13:11:40,811] [INFO] [config.py:964:print]   checkpoint_tag_validation_enabled  True
[2025-02-18 13:11:40,811] [INFO] [config.py:964:print]   checkpoint_tag_validation_fail  False
[2025-02-18 13:11:40,811] [INFO] [config.py:964:print]   comms_config ................. <deepspeed.comm.config.DeepSpeedCommsConfig object at 0x7f18bca810d0>
[2025-02-18 13:11:40,811] [INFO] [config.py:964:print]   communication_data_type ...... None
[2025-02-18 13:11:40,811] [INFO] [config.py:964:print]   compression_config ........... {'weight_quantization': {'shared_parameters': {'enabled': False, 'quantizer_kernel': False, 'schedule_offset': 0, 'quantize_groups': 1, 'quantize_verbose': False, 'quantization_type': 'symmetric', 'quantize_weight_in_forward': False, 'rounding': 'nearest', 'fp16_mixed_quantize': False, 'quantize_change_ratio': 0.001}, 'different_groups': {}}, 'activation_quantization': {'shared_parameters': {'enabled': False, 'quantization_type': 'symmetric', 'range_calibration': 'dynamic', 'schedule_offset': 1000}, 'different_groups': {}}, 'sparse_pruning': {'shared_parameters': {'enabled': False, 'method': 'l1', 'schedule_offset': 1000}, 'different_groups': {}}, 'row_pruning': {'shared_parameters': {'enabled': False, 'method': 'l1', 'schedule_offset': 1000}, 'different_groups': {}}, 'head_pruning': {'shared_parameters': {'enabled': False, 'method': 'topk', 'schedule_offset': 1000}, 'different_groups': {}}, 'channel_pruning': {'shared_parameters': {'enabled': False, 'method': 'l1', 'schedule_offset': 1000}, 'different_groups': {}}, 'layer_reduction': {'enabled': False}}
[2025-02-18 13:11:40,811] [INFO] [config.py:964:print]   curriculum_enabled_legacy .... False
[2025-02-18 13:11:40,811] [INFO] [config.py:964:print]   curriculum_params_legacy ..... False
[2025-02-18 13:11:40,811] [INFO] [config.py:964:print]   data_efficiency_config ....... {'enabled': False, 'seed': 1234, 'data_sampling': {'enabled': False, 'num_epochs': 1000, 'num_workers': 0, 'curriculum_learning': {'enabled': False}}, 'data_routing': {'enabled': False, 'random_ltd': {'enabled': False, 'layer_token_lr_schedule': {'enabled': False}}}}
[2025-02-18 13:11:40,811] [INFO] [config.py:964:print]   data_efficiency_enabled ...... False
[2025-02-18 13:11:40,811] [INFO] [config.py:964:print]   dataloader_drop_last ......... False
[2025-02-18 13:11:40,811] [INFO] [config.py:964:print]   disable_allgather ............ False
[2025-02-18 13:11:40,811] [INFO] [config.py:964:print]   dump_state ................... False
[2025-02-18 13:11:40,811] [INFO] [config.py:964:print]   dynamic_loss_scale_args ...... None
[2025-02-18 13:11:40,811] [INFO] [config.py:964:print]   eigenvalue_enabled ........... False
[2025-02-18 13:11:40,811] [INFO] [config.py:964:print]   eigenvalue_gas_boundary_resolution  1
[2025-02-18 13:11:40,811] [INFO] [config.py:964:print]   eigenvalue_layer_name ........ bert.encoder.layer
[2025-02-18 13:11:40,811] [INFO] [config.py:964:print]   eigenvalue_layer_num ......... 0
[2025-02-18 13:11:40,811] [INFO] [config.py:964:print]   eigenvalue_max_iter .......... 100
[2025-02-18 13:11:40,811] [INFO] [config.py:964:print]   eigenvalue_stability ......... 1e-06
[2025-02-18 13:11:40,812] [INFO] [config.py:964:print]   eigenvalue_tol ............... 0.01
[2025-02-18 13:11:40,812] [INFO] [config.py:964:print]   eigenvalue_verbose ........... False
[2025-02-18 13:11:40,812] [INFO] [config.py:964:print]   elasticity_enabled ........... False
[2025-02-18 13:11:40,812] [INFO] [config.py:964:print]   flops_profiler_config ........ {
    "enabled": false, 
    "recompute_fwd_factor": 0.0, 
    "profile_step": 1, 
    "module_depth": -1, 
    "top_modules": 1, 
    "detailed": true, 
    "output_file": null
}
[2025-02-18 13:11:40,812] [INFO] [config.py:964:print]   fp16_auto_cast ............... False
[2025-02-18 13:11:40,812] [INFO] [config.py:964:print]   fp16_enabled ................. True
[2025-02-18 13:11:40,812] [INFO] [config.py:964:print]   fp16_master_weights_and_gradients  False
[2025-02-18 13:11:40,812] [INFO] [config.py:964:print]   global_rank .................. 0
[2025-02-18 13:11:40,812] [INFO] [config.py:964:print]   grad_accum_dtype ............. None
[2025-02-18 13:11:40,812] [INFO] [config.py:964:print]   gradient_accumulation_steps .. 16
[2025-02-18 13:11:40,812] [INFO] [config.py:964:print]   gradient_clipping ............ 0.0
[2025-02-18 13:11:40,812] [INFO] [config.py:964:print]   gradient_predivide_factor .... 1.0
[2025-02-18 13:11:40,812] [INFO] [config.py:964:print]   hybrid_engine ................ enabled=False max_out_tokens=512 inference_tp_size=1 release_inference_cache=False pin_parameters=True tp_gather_partition_size=8
[2025-02-18 13:11:40,812] [INFO] [config.py:964:print]   initial_dynamic_scale ........ 65536
[2025-02-18 13:11:40,812] [INFO] [config.py:964:print]   load_universal_checkpoint .... False
[2025-02-18 13:11:40,812] [INFO] [config.py:964:print]   loss_scale ................... 0
[2025-02-18 13:11:40,812] [INFO] [config.py:964:print]   memory_breakdown ............. False
[2025-02-18 13:11:40,812] [INFO] [config.py:964:print]   mics_hierarchial_params_gather  False
[2025-02-18 13:11:40,812] [INFO] [config.py:964:print]   mics_shard_size .............. -1
[2025-02-18 13:11:40,812] [INFO] [config.py:964:print]   monitor_config ............... tensorboard=TensorBoardConfig(enabled=False, output_path='', job_name='DeepSpeedJobName') wandb=WandbConfig(enabled=False, group=None, team=None, project='deepspeed') csv_monitor=CSVConfig(enabled=False, output_path='', job_name='DeepSpeedJobName') enabled=False
[2025-02-18 13:11:40,813] [INFO] [config.py:964:print]   nebula_config ................ {
    "enabled": false, 
    "persistent_storage_path": null, 
    "persistent_time_interval": 100, 
    "num_of_version_in_retention": 2, 
    "enable_nebula_load": true, 
    "load_path": null
}
[2025-02-18 13:11:40,813] [INFO] [config.py:964:print]   optimizer_legacy_fusion ...... False
[2025-02-18 13:11:40,813] [INFO] [config.py:964:print]   optimizer_name ............... None
[2025-02-18 13:11:40,813] [INFO] [config.py:964:print]   optimizer_params ............. None
[2025-02-18 13:11:40,813] [INFO] [config.py:964:print]   pipeline ..................... {'stages': 'auto', 'partition': 'best', 'seed_layers': False, 'activation_checkpoint_interval': 0}
[2025-02-18 13:11:40,813] [INFO] [config.py:964:print]   pld_enabled .................. False
[2025-02-18 13:11:40,813] [INFO] [config.py:964:print]   pld_params ................... False
[2025-02-18 13:11:40,813] [INFO] [config.py:964:print]   prescale_gradients ........... False
[2025-02-18 13:11:40,813] [INFO] [config.py:964:print]   scheduler_name ............... None
[2025-02-18 13:11:40,813] [INFO] [config.py:964:print]   scheduler_params ............. None
[2025-02-18 13:11:40,813] [INFO] [config.py:964:print]   sparse_attention ............. None
[2025-02-18 13:11:40,813] [INFO] [config.py:964:print]   sparse_gradients_enabled ..... False
[2025-02-18 13:11:40,813] [INFO] [config.py:964:print]   steps_per_print .............. 2000
[2025-02-18 13:11:40,813] [INFO] [config.py:964:print]   train_batch_size ............. 64
[2025-02-18 13:11:40,813] [INFO] [config.py:964:print]   train_micro_batch_size_per_gpu  1
[2025-02-18 13:11:40,813] [INFO] [config.py:964:print]   use_node_local_storage ....... False
[2025-02-18 13:11:40,813] [INFO] [config.py:964:print]   wall_clock_breakdown ......... False
[2025-02-18 13:11:40,813] [INFO] [config.py:964:print]   world_size ................... 4
[2025-02-18 13:11:40,813] [INFO] [config.py:964:print]   zero_allow_untested_optimizer  False
[2025-02-18 13:11:40,814] [INFO] [config.py:964:print]   zero_config .................. stage=3 contiguous_gradients=True reduce_scatter=True reduce_bucket_size=67108864 allgather_partitions=True allgather_bucket_size=500,000,000 overlap_comm=True load_from_fp32_weights=True elastic_checkpoint=False offload_param=DeepSpeedZeroOffloadParamConfig(device='cpu', nvme_path=None, buffer_count=5, buffer_size=100,000,000, max_in_cpu=1,000,000,000, pin_memory=True) offload_optimizer=None sub_group_size=1,000,000,000 cpu_offload_param=None cpu_offload_use_pin_memory=None cpu_offload=None prefetch_bucket_size=60397977 param_persistence_threshold=81920 model_persistence_threshold=sys.maxsize max_live_parameters=1,000,000,000 max_reuse_distance=1,000,000,000 gather_16bit_weights_on_model_save=False stage3_gather_fp16_weights_on_model_save=False ignore_unused_parameters=True legacy_stage1=False round_robin_gradients=False zero_hpz_partition_size=1 zero_quantized_weights=False zero_quantized_gradients=False mics_shard_size=-1 mics_hierarchical_params_gather=False memory_efficient_linear=True pipeline_loading_checkpoint=False override_module_apply=True
[2025-02-18 13:11:40,814] [INFO] [config.py:964:print]   zero_enabled ................. True
[2025-02-18 13:11:40,814] [INFO] [config.py:964:print]   zero_force_ds_cpu_optimizer .. True
[2025-02-18 13:11:40,814] [INFO] [config.py:964:print]   zero_optimization_stage ...... 3
[2025-02-18 13:11:40,814] [INFO] [config.py:950:print_user_config]   json = {
    "fp16": {
        "enabled": true
    }, 
    "bf16": {
        "enabled": false
    }, 
    "zero_optimization": {
        "stage": 3, 
        "offload_param": {
            "device": "cpu", 
            "pin_memory": true
        }, 
        "overlap_comm": true, 
        "contiguous_gradients": true, 
        "reduce_bucket_size": 6.710886e+07, 
        "stage3_prefetch_bucket_size": 6.039798e+07, 
        "stage3_param_persistence_threshold": 8.192000e+04
    }, 
    "steps_per_print": 2.000000e+03, 
    "train_batch_size": 64, 
    "train_micro_batch_size_per_gpu": 1, 
    "wall_clock_breakdown": false
}
[2025-02-18 15:50:58,685] torch.distributed.elastic.multiprocessing.api: [WARNING] Sending process 47144 closing signal SIGTERM
[2025-02-18 15:50:58,686] torch.distributed.elastic.multiprocessing.api: [WARNING] Sending process 47145 closing signal SIGTERM
[2025-02-18 15:50:58,686] torch.distributed.elastic.multiprocessing.api: [WARNING] Sending process 47146 closing signal SIGTERM
[2025-02-18 15:50:58,686] torch.distributed.elastic.multiprocessing.api: [WARNING] Sending process 47147 closing signal SIGTERM
Traceback (most recent call last):
  File "/usr/local/lib/python3.8/dist-packages/torch/distributed/elastic/agent/server/api.py", line 736, in run
    result = self._invoke_run(role)
  File "/usr/local/lib/python3.8/dist-packages/torch/distributed/elastic/agent/server/api.py", line 877, in _invoke_run
    time.sleep(monitor_interval)
  File "/usr/local/lib/python3.8/dist-packages/torch/distributed/elastic/multiprocessing/api.py", line 62, in _terminate_process_handler
    raise SignalException(f"Process {os.getpid()} got signal: {sigval}", sigval=sigval)
torch.distributed.elastic.multiprocessing.api.SignalException: Process 47068 got signal: 1

During handling of the above exception, another exception occurred:

Traceback (most recent call last):
  File "/usr/lib/python3.8/logging/__init__.py", line 1697, in isEnabledFor
    return self._cache[level]
KeyError: 30

During handling of the above exception, another exception occurred:

Traceback (most recent call last):
  File "/usr/lib/python3.8/runpy.py", line 194, in _run_module_as_main
    return _run_code(code, main_globals, None,
  File "/usr/lib/python3.8/runpy.py", line 87, in _run_code
    exec(code, run_globals)
  File "/usr/local/lib/python3.8/dist-packages/torch/distributed/launch.py", line 196, in <module>
    main()
  File "/usr/local/lib/python3.8/dist-packages/torch/distributed/launch.py", line 192, in main
    launch(args)
  File "/usr/local/lib/python3.8/dist-packages/torch/distributed/launch.py", line 177, in launch
    run(args)
  File "/usr/local/lib/python3.8/dist-packages/torch/distributed/run.py", line 797, in run
    elastic_launch(
  File "/usr/local/lib/python3.8/dist-packages/torch/distributed/launcher/api.py", line 134, in __call__
    return launch_agent(self._config, self._entrypoint, list(args))
  File "/usr/local/lib/python3.8/dist-packages/torch/distributed/launcher/api.py", line 255, in launch_agent
    result = agent.run()
  File "/usr/local/lib/python3.8/dist-packages/torch/distributed/elastic/metrics/api.py", line 124, in wrapper
    result = f(*args, **kwargs)
  File "/usr/local/lib/python3.8/dist-packages/torch/distributed/elastic/agent/server/api.py", line 742, in run
    log.warning("Received %s death signal, shutting down workers", e.sigval)
  File "/usr/lib/python3.8/logging/__init__.py", line 1457, in warning
    if self.isEnabledFor(WARNING):
  File "/usr/lib/python3.8/logging/__init__.py", line 1701, in isEnabledFor
    if self.manager.disable >= level:
  File "/usr/lib/python3.8/logging/__init__.py", line 1278, in disable
    return self._disable
  File "/usr/local/lib/python3.8/dist-packages/torch/distributed/elastic/multiprocessing/api.py", line 62, in _terminate_process_handler
    raise SignalException(f"Process {os.getpid()} got signal: {sigval}", sigval=sigval)
torch.distributed.elastic.multiprocessing.api.SignalException: Process 47068 got signal: 1
